25-07-25 16:17:42.185 : === 台北101影像去噪處理 ===
25-07-25 16:17:42.185 : 模型路徑: model_zoo/drunet_color.pth
25-07-25 16:17:42.185 : 輸入目錄: testsets/taipei101
25-07-25 16:17:42.185 : 輸出目錄: taipei101_color_denoised
25-07-25 16:17:42.185 : 雜訊等級: 4.0
25-07-25 16:17:42.237 : 使用設備: cuda
25-07-25 16:17:42.237 : 載入DRUNet彩色去噪模型...
25-07-25 16:17:42.784 : 模型參數數量: 32,640,960
25-07-25 16:17:42.785 : 找到影像檔案數量: 1
25-07-25 16:17:42.785 : 正規化雜訊等級: 0.0157
25-07-25 16:17:42.785 : 開始處理影像...
25-07-25 16:17:42.785 : 處理影像 1/1: A023_C009_0101VU_001_1752113482.png
25-07-25 16:23:35.886 : 
============================================================
25-07-25 16:23:35.886 :  處理結果統計
25-07-25 16:23:35.886 : ============================================================
25-07-25 16:23:35.886 : 總影像數量: 1
25-07-25 16:23:35.886 : 成功處理: 1
25-07-25 16:23:35.886 : 處理失敗: 0
25-07-25 16:23:35.886 : 成功率: 100.0%
25-07-25 16:23:35.886 : 結果儲存位置: taipei101_color_denoised
25-07-25 17:04:05.268 : === 台北101影像去噪處理 ===
25-07-25 17:04:05.269 : 模型路徑: model_zoo/drunet_color.pth
25-07-25 17:04:05.269 : 輸入目錄: testsets/taipei101
25-07-25 17:04:05.269 : 輸出目錄: taipei101_color_denoised
25-07-25 17:04:05.270 : 雜訊等級: 4.0
25-07-25 17:04:05.432 : 使用設備: cuda
25-07-25 17:04:05.432 : 載入DRUNet彩色去噪模型...
25-07-25 17:04:05.849 : 載入模型失敗: Error(s) in loading state_dict for UNetRes:
	Missing key(s) in state_dict: "non_local.g.weight", "non_local.theta.weight", "non_local.phi.weight", "non_local.W.weight". 
25-07-25 17:11:58.322 : === 台北101影像去噪處理 ===
25-07-25 17:11:58.322 : 模型路徑: model_zoo/drunet_color.pth
25-07-25 17:11:58.322 : 輸入目錄: testsets/taipei101
25-07-25 17:11:58.322 : 輸出目錄: taipei101_color_denoised
25-07-25 17:11:58.323 : 雜訊等級: 4.0
25-07-25 17:11:58.373 : 使用設備: cuda
25-07-25 17:11:58.374 : 載入DRUNet彩色去噪模型...
25-07-25 17:11:58.374 : 載入模型失敗: UNetRes.__init__() got an unexpected keyword argument 'use_nonlocal'
25-07-25 17:22:24.707 : === 台北101影像去噪處理 ===
25-07-25 17:22:24.708 : 模型路徑: model_zoo/drunet_color.pth
25-07-25 17:22:24.708 : 輸入目錄: testsets/taipei101
25-07-25 17:22:24.708 : 輸出目錄: taipei101_color_denoised
25-07-25 17:22:24.711 : 雜訊等級: 4.0
25-07-25 17:22:24.822 : 使用設備: cuda
25-07-25 17:22:24.824 : 載入DRUNet彩色去噪模型...
25-07-25 17:22:24.826 : 載入模型失敗: UNetRes.__init__() got an unexpected keyword argument 'use_nonlocal'
25-07-25 17:24:20.470 : === 台北101影像去噪處理 ===
25-07-25 17:24:20.471 : 模型路徑: model_zoo/drunet_color.pth
25-07-25 17:24:20.472 : 輸入目錄: testsets/taipei101
25-07-25 17:24:20.474 : 輸出目錄: taipei101_color_denoised
25-07-25 17:24:20.475 : 雜訊等級: 4.0
25-07-25 17:24:20.580 : 使用設備: cuda
25-07-25 17:24:20.581 : 載入DRUNet彩色去噪模型...
25-07-25 17:24:20.583 : 載入模型失敗: UNetRes.__init__() got an unexpected keyword argument 'use_nonlocal'
25-07-25 17:34:47.014 : === 台北101影像去噪處理 ===
25-07-25 17:34:47.022 : 模型路徑: model_zoo/drunet_color.pth
25-07-25 17:34:47.030 : 輸入目錄: testsets/taipei101
25-07-25 17:34:47.036 : 輸出目錄: taipei101_color_denoised
25-07-25 17:34:47.041 : 雜訊等級: 4.0
25-07-25 17:34:47.168 : 使用設備: cuda
25-07-25 17:34:47.171 : 載入DRUNet彩色去噪模型...
25-07-25 17:34:47.172 : 載入模型失敗: UNetRes.__init__() got an unexpected keyword argument 'use_nonlocal'
25-07-25 17:35:55.733 : === 台北101影像去噪處理 ===
25-07-25 17:35:55.733 : 模型路徑: model_zoo/drunet_color.pth
25-07-25 17:35:55.733 : 輸入目錄: testsets/taipei101
25-07-25 17:35:55.734 : 輸出目錄: taipei101_color_denoised
25-07-25 17:35:55.734 : 雜訊等級: 4.0
25-07-25 17:35:55.774 : 使用設備: cuda
25-07-25 17:35:55.775 : 載入DRUNet彩色去噪模型...
25-07-25 17:35:55.775 : 載入模型失敗: UNetRes.__init__() got an unexpected keyword argument 'use_nonlocal'
25-07-25 17:40:06.729 : === 台北101影像去噪處理 ===
25-07-25 17:40:06.729 : 模型路徑: model_zoo/drunet_color.pth
25-07-25 17:40:06.729 : 輸入目錄: testsets/taipei101
25-07-25 17:40:06.730 : 輸出目錄: taipei101_color_denoised
25-07-25 17:40:06.730 : 雜訊等級: 4.0
25-07-25 17:40:06.779 : 使用設備: cuda
25-07-25 17:40:06.780 : 載入DRUNet彩色去噪模型...
25-07-25 17:40:06.780 : 載入模型失敗: UNetRes.__init__() got an unexpected keyword argument 'use_nonlocal'
25-07-25 17:42:14.572 : === 台北101影像去噪處理 ===
25-07-25 17:42:14.572 : 模型路徑: model_zoo/drunet_color.pth
25-07-25 17:42:14.573 : 輸入目錄: testsets/taipei101
25-07-25 17:42:14.573 : 輸出目錄: taipei101_color_denoised
25-07-25 17:42:14.573 : 雜訊等級: 4.0
25-07-25 17:42:14.621 : 使用設備: cuda
25-07-25 17:42:14.622 : 載入DRUNet彩色去噪模型...
25-07-25 17:42:14.622 : 載入模型失敗: UNetRes.__init__() got an unexpected keyword argument 'use_nonlocal'
25-07-25 17:43:20.293 : === 台北101影像去噪處理 ===
25-07-25 17:43:20.293 : 模型路徑: model_zoo/drunet_color.pth
25-07-25 17:43:20.294 : 輸入目錄: testsets/taipei101
25-07-25 17:43:20.294 : 輸出目錄: taipei101_color_denoised
25-07-25 17:43:20.294 : 雜訊等級: 4.0
25-07-25 17:43:20.336 : 使用設備: cuda
25-07-25 17:43:20.336 : 載入DRUNet彩色去噪模型...
25-07-25 17:43:20.336 : 載入模型失敗: UNetRes.__init__() got an unexpected keyword argument 'use_nonlocal'
25-07-25 17:44:53.037 : === 台北101影像去噪處理 ===
25-07-25 17:44:53.038 : 模型路徑: model_zoo/drunet_color.pth
25-07-25 17:44:53.038 : 輸入目錄: testsets/taipei101
25-07-25 17:44:53.038 : 輸出目錄: taipei101_color_denoised
25-07-25 17:44:53.038 : 雜訊等級: 4.0
25-07-25 17:44:53.077 : 使用設備: cuda
25-07-25 17:44:53.077 : 載入DRUNet彩色去噪模型...
25-07-25 17:44:53.472 : 載入模型失敗: Error(s) in loading state_dict for UNetRes:
	Missing key(s) in state_dict: "non_local.g.weight", "non_local.theta.weight", "non_local.phi.weight", "non_local.W.weight". 
25-07-28 14:25:08.428 : === 台北101影像去噪處理 ===
25-07-28 14:25:08.430 : 模型路徑: model_zoo/drunet_color.pth
25-07-28 14:25:08.430 : 輸入目錄: testsets/taipei101
25-07-28 14:25:08.431 : 輸出目錄: taipei101_color_denoised
25-07-28 14:25:08.432 : 雜訊等級: 4.0
25-07-28 14:25:08.768 : 使用設備: cuda
25-07-28 14:25:08.800 : 載入DRUNet彩色去噪模型...
25-07-28 14:25:10.284 : 載入模型失敗: Error(s) in loading state_dict for UNetRes:
	Missing key(s) in state_dict: "non_local.g.weight", "non_local.theta.weight", "non_local.phi.weight", "non_local.W.weight". 
