25-08-28 09:51:11.478 : === 台北101影像去噪處理 (穩定版本 + Self-Attention) ===
25-08-28 09:51:11.479 : DRUNet模型路徑: model_zoo/drunet_color.pth
25-08-28 09:51:11.479 : 輸入目錄: testsets/TAIPEI_NO_TUNE_8K
25-08-28 09:51:11.479 : 輸出目錄: taipei101_stable_denoised
25-08-28 09:51:11.479 : 雜訊等級: 1.3
25-08-28 09:51:11.480 : 自動雜訊上限: 25.0
25-08-28 09:51:11.480 : 低噪聲僅執行IDR: 閾值 2.0
25-08-28 09:51:11.480 : Self-Attention: 停用
25-08-28 09:51:11.480 : 增強特徵提取: 停用
25-08-28 09:51:11.481 : 參數自動調優: 停用
25-08-28 09:51:11.481 : 區域自適應: 停用
25-08-28 09:51:11.481 : 自監督迭代: 啟用
25-08-28 09:51:11.481 : 殘差雙邊濾波: 停用
25-08-28 09:51:11.482 : 金字塔式IDR: 啟用
25-08-28 09:51:11.482 : 通道縮放比例: 1.0
25-08-28 09:51:11.482 : UNet區塊數: 4
25-08-28 09:51:11.482 : 強制單流: 停用
25-08-28 09:51:11.483 : IDR排程第1輪分塊尺寸: 128x128
25-08-28 09:51:11.483 : IDR分塊排程: [(128, 128)]
25-08-28 09:51:11.483 : 穩定模式: 雙流處理 + 可選增強功能
25-08-28 09:51:11.987 : 使用設備: cuda
25-08-28 09:51:11.988 : 載入 DRUNet 去噪模型...
25-08-28 09:51:13.046 : [SUCCESS] 模型載入成功 (直接載入)
25-08-28 09:51:13.122 : DRUNet模型參數數量: 32,640,960
25-08-28 09:51:13.124 : 找到影像檔案數量: 1
25-08-28 09:51:13.124 : 開始處理影像 (穩定模式)...
25-08-28 09:51:13.125 : 處理影像 1/1: A023_C009_0101VU_001.png
25-08-28 09:57:13.366 : A023_C009_0101VU_001.png - 噪聲低於閾值，略過熱區精修與雙邊濾波
25-08-28 09:57:14.711 : 
============================================================
25-08-28 09:57:14.711 :  處理結果統計 (穩定版本)
25-08-28 09:57:14.712 : ============================================================
25-08-28 09:57:14.712 : 總影像數量: 1
25-08-28 09:57:14.712 : 成功處理: 1
25-08-28 09:57:14.712 : 處理失敗: 0
25-08-28 09:57:14.712 : 成功率: 100.0%
25-08-28 09:57:14.713 : 總處理時間: 361.59 秒
25-08-28 09:57:14.713 : 平均每張時間: 361.59 秒
25-08-28 09:57:14.713 : 處理速度: 0.00 張/秒
25-08-28 09:57:14.713 : 結果儲存位置: taipei101_stable_denoised
25-08-28 10:02:41.457 : === 台北101影像去噪處理 (穩定版本 + Self-Attention) ===
25-08-28 10:02:41.457 : DRUNet模型路徑: model_zoo/drunet_color.pth
25-08-28 10:02:41.457 : 輸入目錄: testsets/TAIPEI_NO_TUNE_8K
25-08-28 10:02:41.457 : 輸出目錄: taipei101_stable_denoised
25-08-28 10:02:41.458 : 雜訊等級: 1.3
25-08-28 10:02:41.458 : 自動雜訊上限: 25.0
25-08-28 10:02:41.458 : 低噪聲僅執行IDR: 閾值 2.5
25-08-28 10:02:41.458 : Self-Attention: 停用
25-08-28 10:02:41.458 : 增強特徵提取: 停用
25-08-28 10:02:41.458 : 參數自動調優: 停用
25-08-28 10:02:41.458 : 區域自適應: 停用
25-08-28 10:02:41.458 : 自監督迭代: 啟用
25-08-28 10:02:41.458 : 殘差雙邊濾波: 停用
25-08-28 10:02:41.458 : 金字塔式IDR: 啟用
25-08-28 10:02:41.458 : 通道縮放比例: 1.0
25-08-28 10:02:41.458 : UNet區塊數: 4
25-08-28 10:02:41.458 : 強制單流: 停用
25-08-28 10:02:41.458 : IDR排程第1輪分塊尺寸: 128x128
25-08-28 10:02:41.460 : IDR分塊排程: [(128, 128)]
25-08-28 10:02:41.460 : 穩定模式: 雙流處理 + 可選增強功能
25-08-28 10:02:41.656 : 使用設備: cuda
25-08-28 10:02:41.656 : 載入 DRUNet 去噪模型...
25-08-28 10:02:41.984 : [SUCCESS] 模型載入成功 (直接載入)
25-08-28 10:02:42.046 : DRUNet模型參數數量: 32,640,960
25-08-28 10:02:42.046 : 找到影像檔案數量: 1
25-08-28 10:02:42.046 : 開始處理影像 (穩定模式)...
25-08-28 10:02:42.046 : 處理影像 1/1: A023_C009_0101VU_001.png
25-08-28 10:08:46.677 : A023_C009_0101VU_001.png - 噪聲低於閾值，略過熱區精修與雙邊濾波
25-08-28 10:08:48.015 : 
============================================================
25-08-28 10:08:48.015 :  處理結果統計 (穩定版本)
25-08-28 10:08:48.015 : ============================================================
25-08-28 10:08:48.015 : 總影像數量: 1
25-08-28 10:08:48.016 : 成功處理: 1
25-08-28 10:08:48.016 : 處理失敗: 0
25-08-28 10:08:48.016 : 成功率: 100.0%
25-08-28 10:08:48.016 : 總處理時間: 365.97 秒
25-08-28 10:08:48.016 : 平均每張時間: 365.97 秒
25-08-28 10:08:48.016 : 處理速度: 0.00 張/秒
25-08-28 10:08:48.017 : 結果儲存位置: taipei101_stable_denoised
25-08-28 10:30:55.446 : === 台北101影像去噪處理 (穩定版本 + Self-Attention) ===
25-08-28 10:30:55.446 : DRUNet模型路徑: model_zoo/drunet_color.pth
25-08-28 10:30:55.446 : 輸入目錄: testsets/TAIPEI_NO_TUNE_8K
25-08-28 10:30:55.447 : 輸出目錄: taipei101_stable_denoised
25-08-28 10:30:55.447 : 雜訊等級: 1.3
25-08-28 10:30:55.447 : 自動雜訊上限: 25.0
25-08-28 10:30:55.447 : 低噪聲僅執行IDR: 閾值 5.0
25-08-28 10:30:55.447 : Self-Attention: 停用
25-08-28 10:30:55.448 : 增強特徵提取: 停用
25-08-28 10:30:55.448 : 參數自動調優: 停用
25-08-28 10:30:55.448 : 區域自適應: 停用
25-08-28 10:30:55.448 : 自監督迭代: 啟用
25-08-28 10:30:55.448 : 殘差雙邊濾波: 停用
25-08-28 10:30:55.449 : 金字塔式IDR: 啟用
25-08-28 10:30:55.449 : 通道縮放比例: 1.0
25-08-28 10:30:55.449 : UNet區塊數: 4
25-08-28 10:30:55.449 : 強制單流: 停用
25-08-28 10:30:55.449 : IDR排程第1輪分塊尺寸: 128x128
25-08-28 10:30:55.450 : IDR分塊排程: [(128, 128)]
25-08-28 10:30:55.450 : 穩定模式: 雙流處理 + 可選增強功能
25-08-28 10:30:55.781 : 使用設備: cuda
25-08-28 10:30:55.781 : 載入 DRUNet 去噪模型...
25-08-28 10:30:56.151 : [SUCCESS] 模型載入成功 (直接載入)
25-08-28 10:30:56.208 : DRUNet模型參數數量: 32,640,960
25-08-28 10:30:56.211 : 找到影像檔案數量: 1
25-08-28 10:30:56.211 : 開始處理影像 (穩定模式)...
25-08-28 10:30:56.212 : 處理影像 1/1: A023_C009_0101VU_001.png
25-08-28 10:37:01.726 : A023_C009_0101VU_001.png - 噪聲低於閾值，略過熱區精修與雙邊濾波
25-08-28 10:37:03.118 : 
============================================================
25-08-28 10:37:03.118 :  處理結果統計 (穩定版本)
25-08-28 10:37:03.119 : ============================================================
25-08-28 10:37:03.119 : 總影像數量: 1
25-08-28 10:37:03.119 : 成功處理: 1
25-08-28 10:37:03.119 : 處理失敗: 0
25-08-28 10:37:03.119 : 成功率: 100.0%
25-08-28 10:37:03.120 : 總處理時間: 366.91 秒
25-08-28 10:37:03.120 : 平均每張時間: 366.91 秒
25-08-28 10:37:03.120 : 處理速度: 0.00 張/秒
25-08-28 10:37:03.120 : 結果儲存位置: taipei101_stable_denoised
25-08-28 10:40:35.452 : === 台北101影像去噪處理 (穩定版本 + Self-Attention) ===
25-08-28 10:40:35.452 : DRUNet模型路徑: model_zoo/drunet_color.pth
25-08-28 10:40:35.452 : 輸入目錄: testsets/TAIPEI_NO_TUNE_8K
25-08-28 10:40:35.453 : 輸出目錄: taipei101_stable_denoised
25-08-28 10:40:35.453 : 雜訊等級: 1.3
25-08-28 10:40:35.453 : 自動雜訊上限: 25.0
25-08-28 10:40:35.453 : 低噪聲僅執行IDR: 閾值 5.0
25-08-28 10:40:35.454 : Self-Attention: 停用
25-08-28 10:40:35.454 : 增強特徵提取: 停用
25-08-28 10:40:35.454 : 參數自動調優: 停用
25-08-28 10:40:35.454 : 區域自適應: 停用
25-08-28 10:40:35.454 : 自監督迭代: 啟用
25-08-28 10:40:35.454 : 殘差雙邊濾波: 停用
25-08-28 10:40:35.455 : 金字塔式IDR: 啟用
25-08-28 10:40:35.455 : 通道縮放比例: 1.0
25-08-28 10:40:35.455 : UNet區塊數: 4
25-08-28 10:40:35.455 : 強制單流: 停用
25-08-28 10:40:35.455 : IDR排程第1輪分塊尺寸: 128x128
25-08-28 10:40:35.456 : IDR分塊排程: [(128, 128)]
25-08-28 10:40:35.456 : 穩定模式: 雙流處理 + 可選增強功能
25-08-28 10:40:35.670 : 使用設備: cuda
25-08-28 10:40:35.670 : 載入 DRUNet 去噪模型...
25-08-28 10:40:36.022 : [SUCCESS] 模型載入成功 (直接載入)
25-08-28 10:40:36.083 : DRUNet模型參數數量: 32,640,960
25-08-28 10:40:36.084 : 找到影像檔案數量: 1
25-08-28 10:40:36.085 : 開始處理影像 (穩定模式)...
25-08-28 10:40:36.085 : 處理影像 1/1: A023_C009_0101VU_001.png
25-08-28 10:52:33.795 : === 台北101影像去噪處理 (穩定版本 + Self-Attention) ===
25-08-28 10:52:33.796 : DRUNet模型路徑: model_zoo/drunet_color.pth
25-08-28 10:52:33.796 : 輸入目錄: testsets/TAIPEI_NO_TUNE_8K
25-08-28 10:52:33.796 : 輸出目錄: taipei101_stable_denoised
25-08-28 10:52:33.796 : 雜訊等級: 2.5
25-08-28 10:52:33.796 : 自動雜訊上限: 25.0
25-08-28 10:52:33.797 : 低噪聲僅執行IDR: 閾值 5.0
25-08-28 10:52:33.797 : Self-Attention: 停用
25-08-28 10:52:33.797 : 增強特徵提取: 停用
25-08-28 10:52:33.797 : 參數自動調優: 停用
25-08-28 10:52:33.797 : 區域自適應: 停用
25-08-28 10:52:33.798 : 自監督迭代: 啟用
25-08-28 10:52:33.798 : 熱區精修: 停用
25-08-28 10:52:33.798 : 殘差雙邊濾波: 停用
25-08-28 10:52:33.798 : 金字塔式IDR: 啟用
25-08-28 10:52:33.798 : 通道縮放比例: 1.0
25-08-28 10:52:33.798 : UNet區塊數: 4
25-08-28 10:52:33.799 : 強制單流: 停用
25-08-28 10:52:33.799 : IDR排程第1輪分塊尺寸: 128x128
25-08-28 10:52:33.799 : IDR分塊排程: [(128, 128)]
25-08-28 10:52:33.799 : 穩定模式: 雙流處理 + 可選增強功能
25-08-28 10:52:33.981 : 使用設備: cuda
25-08-28 10:52:33.981 : 載入 DRUNet 去噪模型...
25-08-28 10:52:34.315 : [SUCCESS] 模型載入成功 (直接載入)
25-08-28 10:52:34.368 : DRUNet模型參數數量: 32,640,960
25-08-28 10:52:34.370 : 找到影像檔案數量: 1
25-08-28 10:52:34.370 : 開始處理影像 (穩定模式)...
25-08-28 10:52:34.371 : 處理影像 1/1: A023_C009_0101VU_001.png
25-08-28 10:58:21.340 : A023_C009_0101VU_001.png - 噪聲低於閾值，略過熱區精修與雙邊濾波
25-08-28 10:58:22.589 : 
============================================================
25-08-28 10:58:22.589 :  處理結果統計 (穩定版本)
25-08-28 10:58:22.589 : ============================================================
25-08-28 10:58:22.589 : 總影像數量: 1
25-08-28 10:58:22.589 : 成功處理: 1
25-08-28 10:58:22.589 : 處理失敗: 0
25-08-28 10:58:22.589 : 成功率: 100.0%
25-08-28 10:58:22.589 : 總處理時間: 348.22 秒
25-08-28 10:58:22.589 : 平均每張時間: 348.22 秒
25-08-28 10:58:22.589 : 處理速度: 0.00 張/秒
25-08-28 10:58:22.589 : 結果儲存位置: taipei101_stable_denoised
25-08-28 11:02:12.463 : === 台北101影像去噪處理 (穩定版本 + Self-Attention) ===
25-08-28 11:02:12.463 : DRUNet模型路徑: model_zoo/drunet_color.pth
25-08-28 11:02:12.463 : 輸入目錄: testsets/TAIPEI_NO_TUNE_8K
25-08-28 11:02:12.464 : 輸出目錄: taipei101_stable_denoised
25-08-28 11:02:12.464 : 雜訊等級: 2.5
25-08-28 11:02:12.464 : 自動雜訊上限: 25.0
25-08-28 11:02:12.464 : 低噪聲僅執行IDR: 閾值 1.0
25-08-28 11:02:12.464 : Self-Attention: 停用
25-08-28 11:02:12.464 : 增強特徵提取: 停用
25-08-28 11:02:12.465 : 參數自動調優: 停用
25-08-28 11:02:12.465 : 區域自適應: 停用
25-08-28 11:02:12.465 : 自監督迭代: 啟用
25-08-28 11:02:12.465 : 熱區精修: 停用
25-08-28 11:02:12.465 : 殘差雙邊濾波: 停用
25-08-28 11:02:12.465 : 金字塔式IDR: 啟用
25-08-28 11:02:12.466 : 通道縮放比例: 1.0
25-08-28 11:02:12.466 : UNet區塊數: 4
25-08-28 11:02:12.466 : 強制單流: 停用
25-08-28 11:02:12.466 : IDR排程第1輪分塊尺寸: 128x128
25-08-28 11:02:12.466 : IDR分塊排程: [(128, 128)]
25-08-28 11:02:12.466 : 穩定模式: 雙流處理 + 可選增強功能
25-08-28 11:02:12.679 : 使用設備: cuda
25-08-28 11:02:12.679 : 載入 DRUNet 去噪模型...
25-08-28 11:02:13.020 : [SUCCESS] 模型載入成功 (直接載入)
25-08-28 11:02:13.064 : DRUNet模型參數數量: 32,640,960
25-08-28 11:02:13.066 : 找到影像檔案數量: 1
25-08-28 11:02:13.066 : 開始處理影像 (穩定模式)...
25-08-28 11:02:13.067 : 處理影像 1/1: A023_C009_0101VU_001.png
25-08-28 11:08:25.588 : 
============================================================
25-08-28 11:08:25.588 :  處理結果統計 (穩定版本)
25-08-28 11:08:25.588 : ============================================================
25-08-28 11:08:25.588 : 總影像數量: 1
25-08-28 11:08:25.588 : 成功處理: 1
25-08-28 11:08:25.588 : 處理失敗: 0
25-08-28 11:08:25.588 : 成功率: 100.0%
25-08-28 11:08:25.588 : 總處理時間: 372.52 秒
25-08-28 11:08:25.588 : 平均每張時間: 372.52 秒
25-08-28 11:08:25.588 : 處理速度: 0.00 張/秒
25-08-28 11:08:25.588 : 結果儲存位置: taipei101_stable_denoised
25-08-28 11:11:41.752 : === 台北101影像去噪處理 (穩定版本 + Self-Attention) ===
25-08-28 11:11:41.752 : DRUNet模型路徑: model_zoo/drunet_color.pth
25-08-28 11:11:41.752 : 輸入目錄: testsets/TAIPEI_NO_TUNE_8K
25-08-28 11:11:41.753 : 輸出目錄: taipei101_stable_denoised
25-08-28 11:11:41.753 : 雜訊等級: 1.3
25-08-28 11:11:41.753 : 自動雜訊上限: 25.0
25-08-28 11:11:41.753 : 低噪聲僅執行IDR: 閾值 5.0
25-08-28 11:11:41.753 : Self-Attention: 停用
25-08-28 11:11:41.754 : 增強特徵提取: 停用
25-08-28 11:11:41.754 : 參數自動調優: 停用
25-08-28 11:11:41.754 : 區域自適應: 停用
25-08-28 11:11:41.754 : 自監督迭代: 啟用
25-08-28 11:11:41.754 : 熱區精修: 停用
25-08-28 11:11:41.754 : 殘差雙邊濾波: 停用
25-08-28 11:11:41.755 : 金字塔式IDR: 啟用
25-08-28 11:11:41.755 : 通道縮放比例: 1.0
25-08-28 11:11:41.755 : UNet區塊數: 4
25-08-28 11:11:41.755 : 強制單流: 停用
25-08-28 11:11:41.755 : IDR排程第1輪分塊尺寸: 128x128
25-08-28 11:11:41.756 : IDR分塊排程: [(128, 128)]
25-08-28 11:11:41.756 : 穩定模式: 雙流處理 + 可選增強功能
25-08-28 11:11:42.037 : 使用設備: cuda
25-08-28 11:11:42.038 : 載入 DRUNet 去噪模型...
25-08-28 11:11:42.374 : [SUCCESS] 模型載入成功 (直接載入)
25-08-28 11:11:42.422 : DRUNet模型參數數量: 32,640,960
25-08-28 11:11:42.428 : 找到影像檔案數量: 1
25-08-28 11:11:42.428 : 開始處理影像 (穩定模式)...
25-08-28 11:11:42.428 : 處理影像 1/1: A023_C009_0101VU_001.png
25-08-28 11:17:45.385 : === 台北101影像去噪處理 (穩定版本 + Self-Attention) ===
25-08-28 11:17:45.386 : DRUNet模型路徑: model_zoo/drunet_color.pth
25-08-28 11:17:45.386 : 輸入目錄: testsets/TAIPEI_NO_TUNE_8K
25-08-28 11:17:45.386 : 輸出目錄: taipei101_stable_denoised
25-08-28 11:17:45.386 : 雜訊等級: 1.3
25-08-28 11:17:45.386 : 自動雜訊上限: 25.0
25-08-28 11:17:45.387 : Self-Attention: 停用
25-08-28 11:17:45.387 : 增強特徵提取: 停用
25-08-28 11:17:45.387 : 參數自動調優: 停用
25-08-28 11:17:45.387 : 區域自適應: 停用
25-08-28 11:17:45.387 : 自監督迭代: 停用
25-08-28 11:17:45.387 : 熱區精修: 停用
25-08-28 11:17:45.388 : 殘差雙邊濾波: 停用
25-08-28 11:17:45.388 : 金字塔式IDR: 停用
25-08-28 11:17:45.388 : 通道縮放比例: 1.0
25-08-28 11:17:45.388 : UNet區塊數: 4
25-08-28 11:17:45.388 : 強制單流: 停用
25-08-28 11:17:45.388 : IDR分塊排程: [None, (256, 256), (128, 128)]
25-08-28 11:17:45.389 : 穩定模式: 雙流處理 + 可選增強功能
25-08-28 11:17:45.590 : 使用設備: cuda
25-08-28 11:17:45.590 : 載入 DRUNet 去噪模型...
25-08-28 11:17:45.928 : [SUCCESS] 模型載入成功 (直接載入)
25-08-28 11:17:45.983 : DRUNet模型參數數量: 32,640,960
25-08-28 11:17:45.985 : 找到影像檔案數量: 1
25-08-28 11:17:45.985 : 開始處理影像 (穩定模式)...
25-08-28 11:17:45.986 : 處理影像 1/1: A023_C009_0101VU_001.png
25-08-28 11:18:52.446 : 
============================================================
25-08-28 11:18:52.446 :  處理結果統計 (穩定版本)
25-08-28 11:18:52.446 : ============================================================
25-08-28 11:18:52.446 : 總影像數量: 1
25-08-28 11:18:52.447 : 成功處理: 1
25-08-28 11:18:52.447 : 處理失敗: 0
25-08-28 11:18:52.447 : 成功率: 100.0%
25-08-28 11:18:52.447 : 總處理時間: 66.46 秒
25-08-28 11:18:52.447 : 平均每張時間: 66.46 秒
25-08-28 11:18:52.447 : 處理速度: 0.02 張/秒
25-08-28 11:18:52.448 : 結果儲存位置: taipei101_stable_denoised
25-08-28 11:21:00.041 : === 台北101影像去噪處理 (穩定版本 + Self-Attention) ===
25-08-28 11:21:00.041 : DRUNet模型路徑: model_zoo/drunet_color.pth
25-08-28 11:21:00.042 : 輸入目錄: testsets/TAIPEI_NO_TUNE_8K
25-08-28 11:21:00.042 : 輸出目錄: taipei101_stable_denoised
25-08-28 11:21:00.042 : 雜訊等級: 2.5
25-08-28 11:21:00.042 : 自動雜訊上限: 25.0
25-08-28 11:21:00.043 : Self-Attention: 停用
25-08-28 11:21:00.043 : 增強特徵提取: 停用
25-08-28 11:21:00.043 : 參數自動調優: 停用
25-08-28 11:21:00.043 : 區域自適應: 停用
25-08-28 11:21:00.043 : 自監督迭代: 停用
25-08-28 11:21:00.043 : 熱區精修: 停用
25-08-28 11:21:00.043 : 殘差雙邊濾波: 停用
25-08-28 11:21:00.043 : 金字塔式IDR: 停用
25-08-28 11:21:00.045 : 通道縮放比例: 1.0
25-08-28 11:21:00.045 : UNet區塊數: 4
25-08-28 11:21:00.045 : 強制單流: 停用
25-08-28 11:21:00.045 : IDR分塊排程: [None, (256, 256), (128, 128)]
25-08-28 11:21:00.045 : 穩定模式: 雙流處理 + 可選增強功能
25-08-28 11:21:00.286 : 使用設備: cuda
25-08-28 11:21:00.287 : 載入 DRUNet 去噪模型...
25-08-28 11:21:00.618 : [SUCCESS] 模型載入成功 (直接載入)
25-08-28 11:21:00.661 : DRUNet模型參數數量: 32,640,960
25-08-28 11:21:00.663 : 找到影像檔案數量: 1
25-08-28 11:21:00.663 : 開始處理影像 (穩定模式)...
25-08-28 11:21:00.664 : 處理影像 1/1: A023_C009_0101VU_001.png
25-08-28 11:22:03.830 : 
============================================================
25-08-28 11:22:03.830 :  處理結果統計 (穩定版本)
25-08-28 11:22:03.830 : ============================================================
25-08-28 11:22:03.831 : 總影像數量: 1
25-08-28 11:22:03.831 : 成功處理: 1
25-08-28 11:22:03.831 : 處理失敗: 0
25-08-28 11:22:03.831 : 成功率: 100.0%
25-08-28 11:22:03.832 : 總處理時間: 63.17 秒
25-08-28 11:22:03.832 : 平均每張時間: 63.17 秒
25-08-28 11:22:03.832 : 處理速度: 0.02 張/秒
25-08-28 11:22:03.832 : 結果儲存位置: taipei101_stable_denoised
25-08-28 11:22:32.827 : === 台北101影像去噪處理 (穩定版本 + Self-Attention) ===
25-08-28 11:22:32.827 : DRUNet模型路徑: model_zoo/drunet_color.pth
25-08-28 11:22:32.828 : 輸入目錄: testsets/TAIPEI_NO_TUNE_8K
25-08-28 11:22:32.828 : 輸出目錄: taipei101_stable_denoised
25-08-28 11:22:32.828 : 雜訊等級: 2.5
25-08-28 11:22:32.828 : 自動雜訊上限: 25.0
25-08-28 11:22:32.828 : Self-Attention: 停用
25-08-28 11:22:32.829 : 增強特徵提取: 停用
25-08-28 11:22:32.829 : 參數自動調優: 停用
25-08-28 11:22:32.829 : 區域自適應: 停用
25-08-28 11:22:32.829 : 自監督迭代: 停用
25-08-28 11:22:32.830 : 熱區精修: 停用
25-08-28 11:22:32.830 : 殘差雙邊濾波: 停用
25-08-28 11:22:32.830 : 金字塔式IDR: 停用
25-08-28 11:22:32.830 : 通道縮放比例: 1.0
25-08-28 11:22:32.830 : UNet區塊數: 4
25-08-28 11:22:32.831 : 強制單流: 停用
25-08-28 11:22:32.831 : IDR分塊排程: [None, (256, 256), (128, 128)]
25-08-28 11:22:32.831 : 穩定模式: 雙流處理 + 可選增強功能
25-08-28 11:22:33.025 : 使用設備: cuda
25-08-28 11:22:33.025 : 載入 DRUNet 去噪模型...
25-08-28 11:22:33.379 : [SUCCESS] 模型載入成功 (直接載入)
25-08-28 11:22:33.428 : DRUNet模型參數數量: 32,640,960
25-08-28 11:22:33.430 : 找到影像檔案數量: 1
25-08-28 11:22:33.430 : 開始處理影像 (穩定模式)...
25-08-28 11:22:33.431 : 處理影像 1/1: A023_C009_0101VU_001.png
25-08-28 11:23:38.860 : 
============================================================
25-08-28 11:23:38.860 :  處理結果統計 (穩定版本)
25-08-28 11:23:38.860 : ============================================================
25-08-28 11:23:38.860 : 總影像數量: 1
25-08-28 11:23:38.860 : 成功處理: 1
25-08-28 11:23:38.860 : 處理失敗: 0
25-08-28 11:23:38.860 : 成功率: 100.0%
25-08-28 11:23:38.860 : 總處理時間: 65.43 秒
25-08-28 11:23:38.860 : 平均每張時間: 65.43 秒
25-08-28 11:23:38.860 : 處理速度: 0.02 張/秒
25-08-28 11:23:38.860 : 結果儲存位置: taipei101_stable_denoised
